# JRE version: Java(TM) SE Runtime Environment 18.9 (11.0.13+10) (build 11.0.13+10-LTS-370)
# Java VM: Java HotSpot(TM) 64-Bit Server VM 18.9 (11.0.13+10-LTS-370, mixed mode, tiered, compressed oops, g1 gc, windows-amd64)
Heap:
 garbage-first heap   total 155648K, used 28838K [0x0000000082400000, 0x0000000100000000)
  region size 1024K, 9 young (9216K), 5 survivors (5120K)
 Metaspace       used 55262K, capacity 56434K, committed 56620K, reserved 1101824K
  class space    used 7025K, capacity 7498K, committed 7552K, reserved 1048576K
GC Heap History (10 events):
Event: 2.721 GC heap before
{Heap before GC invocations=5 (full 0):
 garbage-first heap   total 129024K, used 70091K [0x0000000082400000, 0x0000000100000000)
  region size 1024K, 64 young (65536K), 3 survivors (3072K)
 Metaspace       used 28254K, capacity 28851K, committed 29184K, reserved 1075200K
  class space    used 3237K, capacity 3461K, committed 3584K, reserved 1048576K
}
Event: 2.729 GC heap after
{Heap after GC invocations=6 (full 0):
 garbage-first heap   total 129024K, used 11328K [0x0000000082400000, 0x0000000100000000)
  region size 1024K, 6 young (6144K), 6 survivors (6144K)
 Metaspace       used 28254K, capacity 28851K, committed 29184K, reserved 1075200K
  class space    used 3237K, capacity 3461K, committed 3584K, reserved 1048576K
}
Event: 4.384 GC heap before
{Heap before GC invocations=6 (full 0):
 garbage-first heap   total 129024K, used 78912K [0x0000000082400000, 0x0000000100000000)
  region size 1024K, 73 young (74752K), 6 survivors (6144K)
 Metaspace       used 34499K, capacity 35345K, committed 35456K, reserved 1081344K
  class space    used 4051K, capacity 4375K, committed 4480K, reserved 1048576K
}
Event: 4.395 GC heap after
{Heap after GC invocations=7 (full 0):
 garbage-first heap   total 155648K, used 15179K [0x0000000082400000, 0x0000000100000000)
  region size 1024K, 9 young (9216K), 9 survivors (9216K)
 Metaspace       used 34499K, capacity 35345K, committed 35456K, reserved 1081344K
  class space    used 4051K, capacity 4375K, committed 4480K, reserved 1048576K
}
Event: 4.415 GC heap before
{Heap before GC invocations=7 (full 0):
 garbage-first heap   total 155648K, used 16203K [0x0000000082400000, 0x0000000100000000)
  region size 1024K, 11 young (11264K), 9 survivors (9216K)
 Metaspace       used 34670K, capacity 35473K, committed 35628K, reserved 1081344K
  class space    used 4076K, capacity 4375K, committed 4480K, reserved 1048576K
}
Event: 4.427 GC heap after
{Heap after GC invocations=8 (full 0):
 garbage-first heap   total 155648K, used 15364K [0x0000000082400000, 0x0000000100000000)
  region size 1024K, 5 young (5120K), 5 survivors (5120K)
 Metaspace       used 34670K, capacity 35473K, committed 35628K, reserved 1081344K
  class space    used 4076K, capacity 4375K, committed 4480K, reserved 1048576K
}
Event: 5.844 GC heap before
{Heap before GC invocations=9 (full 0):
 garbage-first heap   total 155648K, used 94212K [0x0000000082400000, 0x0000000100000000)
  region size 1024K, 83 young (84992K), 5 survivors (5120K)
 Metaspace       used 41409K, capacity 42433K, committed 42668K, reserved 1087488K
  class space    used 4906K, capacity 5310K, committed 5376K, reserved 1048576K
}
Event: 5.857 GC heap after
{Heap after GC invocations=10 (full 0):
 garbage-first heap   total 155648K, used 21741K [0x0000000082400000, 0x0000000100000000)
  region size 1024K, 11 young (11264K), 11 survivors (11264K)
 Metaspace       used 41409K, capacity 42433K, committed 42668K, reserved 1087488K
  class space    used 4906K, capacity 5310K, committed 5376K, reserved 1048576K
}
Event: 7.876 GC heap before
{Heap before GC invocations=11 (full 0):
 garbage-first heap   total 155648K, used 101613K [0x0000000082400000, 0x0000000100000000)
  region size 1024K, 89 young (91136K), 11 survivors (11264K)
 Metaspace       used 54725K, capacity 55881K, committed 55980K, reserved 1101824K
  class space    used 6936K, capacity 7400K, committed 7424K, reserved 1048576K
}
Event: 7.889 GC heap after
{Heap after GC invocations=12 (full 0):
 garbage-first heap   total 155648K, used 25766K [0x0000000082400000, 0x0000000100000000)
  region size 1024K, 5 young (5120K), 5 survivors (5120K)
 Metaspace       used 54725K, capacity 55881K, committed 55980K, reserved 1101824K
  class space    used 6936K, capacity 7400K, committed 7424K, reserved 1048576K
}

