# JRE version: Java(TM) SE Runtime Environment 18.9 (11.0.13+10) (build 11.0.13+10-LTS-370)
# Java VM: Java HotSpot(TM) 64-Bit Server VM 18.9 (11.0.13+10-LTS-370, mixed mode, tiered, compressed oops, g1 gc, windows-amd64)
Heap:
 garbage-first heap   total 155648K, used 35115K [0x0000000082400000, 0x0000000100000000)
  region size 1024K, 14 young (14336K), 5 survivors (5120K)
 Metaspace       used 59330K, capacity 60585K, committed 60780K, reserved 1101824K
  class space    used 7603K, capacity 8118K, committed 8192K, reserved 1048576K
GC Heap History (10 events):
Event: 3.473 GC heap before
{Heap before GC invocations=6 (full 0):
 garbage-first heap   total 129024K, used 68445K [0x0000000082400000, 0x0000000100000000)
  region size 1024K, 62 young (63488K), 5 survivors (5120K)
 Metaspace       used 31367K, capacity 32158K, committed 32512K, reserved 1077248K
  class space    used 3680K, capacity 3988K, committed 4096K, reserved 1048576K
}
Event: 3.485 GC heap after
{Heap after GC invocations=7 (full 0):
 garbage-first heap   total 129024K, used 13423K [0x0000000082400000, 0x0000000100000000)
  region size 1024K, 7 young (7168K), 7 survivors (7168K)
 Metaspace       used 31367K, capacity 32158K, committed 32512K, reserved 1077248K
  class space    used 3680K, capacity 3988K, committed 4096K, reserved 1048576K
}
Event: 4.092 GC heap before
{Heap before GC invocations=7 (full 0):
 garbage-first heap   total 129024K, used 43119K [0x0000000082400000, 0x0000000100000000)
  region size 1024K, 37 young (37888K), 7 survivors (7168K)
 Metaspace       used 34713K, capacity 35471K, committed 35628K, reserved 1081344K
  class space    used 4082K, capacity 4376K, committed 4480K, reserved 1048576K
}
Event: 4.103 GC heap after
{Heap after GC invocations=8 (full 0):
 garbage-first heap   total 155648K, used 15306K [0x0000000082400000, 0x0000000100000000)
  region size 1024K, 7 young (7168K), 7 survivors (7168K)
 Metaspace       used 34713K, capacity 35471K, committed 35628K, reserved 1081344K
  class space    used 4082K, capacity 4376K, committed 4480K, reserved 1048576K
}
Event: 5.358 GC heap before
{Heap before GC invocations=9 (full 0):
 garbage-first heap   total 155648K, used 100298K [0x0000000082400000, 0x0000000100000000)
  region size 1024K, 91 young (93184K), 7 survivors (7168K)
 Metaspace       used 42533K, capacity 43586K, committed 43820K, reserved 1087488K
  class space    used 5096K, capacity 5503K, committed 5504K, reserved 1048576K
}
Event: 5.371 GC heap after
{Heap after GC invocations=10 (full 0):
 garbage-first heap   total 155648K, used 22239K [0x0000000082400000, 0x0000000100000000)
  region size 1024K, 12 young (12288K), 12 survivors (12288K)
 Metaspace       used 42533K, capacity 43586K, committed 43820K, reserved 1087488K
  class space    used 5096K, capacity 5503K, committed 5504K, reserved 1048576K
}
Event: 7.098 GC heap before
{Heap before GC invocations=10 (full 0):
 garbage-first heap   total 155648K, used 103135K [0x0000000082400000, 0x0000000100000000)
  region size 1024K, 91 young (93184K), 12 survivors (12288K)
 Metaspace       used 55564K, capacity 56630K, committed 56876K, reserved 1099776K
  class space    used 7076K, capacity 7500K, committed 7552K, reserved 1048576K
}
Event: 7.112 GC heap after
{Heap after GC invocations=11 (full 0):
 garbage-first heap   total 155648K, used 25899K [0x0000000082400000, 0x0000000100000000)
  region size 1024K, 4 young (4096K), 4 survivors (4096K)
 Metaspace       used 55564K, capacity 56630K, committed 56876K, reserved 1099776K
  class space    used 7076K, capacity 7500K, committed 7552K, reserved 1048576K
}
Event: 7.567 GC heap before
{Heap before GC invocations=11 (full 0):
 garbage-first heap   total 155648K, used 46379K [0x0000000082400000, 0x0000000100000000)
  region size 1024K, 25 young (25600K), 4 survivors (4096K)
 Metaspace       used 58564K, capacity 59701K, committed 59808K, reserved 1101824K
  class space    used 7470K, capacity 7909K, committed 7936K, reserved 1048576K
}
Event: 7.573 GC heap after
{Heap after GC invocations=12 (full 0):
 garbage-first heap   total 155648K, used 26923K [0x0000000082400000, 0x0000000100000000)
  region size 1024K, 5 young (5120K), 5 survivors (5120K)
 Metaspace       used 58564K, capacity 59701K, committed 59808K, reserved 1101824K
  class space    used 7470K, capacity 7909K, committed 7936K, reserved 1048576K
}

